  Gl_template.c
E:\szescian — kopia\Gl_template.c(370,30): warning C4018: "<": niezgodność typu ze znakiem/bez znaku
E:\szescian — kopia\Gl_template.c(1349,28): warning C4244: "inicjowanie": konwersja z "double" do "GLfloat", możliwa utrata danych
E:\szescian — kopia\Gl_template.c(1349,48): warning C4244: "inicjowanie": konwersja z "double" do "GLfloat", możliwa utrata danych
E:\szescian — kopia\Gl_template.c(1350,28): warning C4244: "inicjowanie": konwersja z "double" do "GLfloat", możliwa utrata danych
E:\szescian — kopia\Gl_template.c(1350,49): warning C4244: "inicjowanie": konwersja z "double" do "GLfloat", możliwa utrata danych
E:\szescian — kopia\Gl_template.c(1818,12): warning C4244: "return": konwersja z "WPARAM" do "int", możliwa utrata danych
E:\szescian — kopia\Gl_template.c(1993,39): warning C4244: "-=": konwersja z "double" do "GLfloat", możliwa utrata danych
E:\szescian — kopia\Gl_template.c(1994,39): warning C4244: "+=": konwersja z "double" do "GLfloat", możliwa utrata danych
E:\szescian — kopia\Gl_template.c(1995,40): warning C4244: "-=": konwersja z "double" do "GLfloat", możliwa utrata danych
E:\szescian — kopia\Gl_template.c(1996,40): warning C4244: "+=": konwersja z "double" do "GLfloat", możliwa utrata danych
E:\szescian — kopia\Gl_template.c(2001,39): warning C4244: "+=": konwersja z "double" do "GLfloat", możliwa utrata danych
E:\szescian — kopia\Gl_template.c(2002,39): warning C4244: "-=": konwersja z "double" do "GLfloat", możliwa utrata danych
E:\szescian — kopia\Gl_template.c(2003,40): warning C4244: "+=": konwersja z "double" do "GLfloat", możliwa utrata danych
E:\szescian — kopia\Gl_template.c(2004,40): warning C4244: "-=": konwersja z "double" do "GLfloat", możliwa utrata danych
E:\szescian — kopia\Gl_template.c(2034,26): warning C4244: "=": konwersja z "int" do "GLfloat", możliwa utrata danych
E:\szescian — kopia\Gl_template.c(2035,26): warning C4244: "=": konwersja z "int" do "GLfloat", możliwa utrata danych
E:\szescian — kopia\Gl_template.c(2036,26): warning C4244: "=": konwersja z "int" do "GLfloat", możliwa utrata danych
E:\szescian — kopia\Gl_template.c(2053,4): warning C4113: "BOOL (__cdecl *)(HWND,UINT,UINT,LONG)" różni się listami parametrów od "DLGPROC"
E:\szescian — kopia\Gl_template.c(2053,4): warning C4133: "funkcja": niezgodne typy - od "BOOL (__cdecl *)(HWND,UINT,UINT,LONG)" do "DLGPROC"
  szescian.vcxproj -> E:\szescian — kopia\x64\Debug\szescian.exe
